--------------------------------------------------------------------------------
Fri Oct 24 12:56:33 2014 Inizio Elaborazione
Fri Oct 24 12:56:33 2014 D:\Dropbox\MyPythonScripts\Tarros - Crea PDF\Tarros_QTZ_026.py
Fri Oct 24 12:56:33 2014 test01.dta
Fri Oct 24 12:56:33 2014 Processo File: A14994KOM1.pdf
Fri Oct 24 12:56:33 2014 Percorso File: C:\Paris4\Out\A14994KOM1.pdf
Fri Oct 24 12:56:33 2014 Indirizzo Email su riga 2: pierangelo.motta@gmail.com
Fri Oct 24 12:56:33 2014 Percorso e DIR_RIFERIMENTO sono uguali
Fri Oct 24 12:56:33 2014 Soggetto email = TEST - PIR IST - Offer Code A 14 994 KOM 1
Fri Oct 24 12:56:33 2014 Errore inserendo immagine dinamica c:\paris\grg\KOM.jpg
Fri Oct 24 12:56:33 2014 TOTALE Scritta 1 pagina
Fri Oct 24 12:56:33 2014 Pdf Scritto
--------------------------------------------------------------------------------
Fri Oct 24 13:02:09 2014 Inizio Elaborazione
Fri Oct 24 13:02:09 2014 D:\Dropbox\MyPythonScripts\Tarros - Crea PDF\Tarros_QTZ_026.py
Fri Oct 24 13:02:09 2014 test01.dta
Fri Oct 24 13:02:09 2014 Processo File: A14994KOM1.pdf
Fri Oct 24 13:02:09 2014 Percorso File: C:\Paris4\Out\A14994KOM1.pdf
Fri Oct 24 13:02:09 2014 Indirizzo Email su riga 2: pierangelo.motta@gmail.com
Fri Oct 24 13:02:09 2014 Percorso e DIR_RIFERIMENTO sono uguali
Fri Oct 24 13:02:09 2014 Soggetto email = TEST - PIR IST - Offer Code A 14 994 KOM 1
Fri Oct 24 13:02:09 2014 Errore inserendo immagine dinamica c:\paris\grg\KOM.jpg
Fri Oct 24 13:02:09 2014 TOTALE Scritta 1 pagina
Fri Oct 24 13:02:09 2014 Pdf Scritto
--------------------------------------------------------------------------------
Fri Oct 24 13:04:20 2014 Inizio Elaborazione
Fri Oct 24 13:04:20 2014 D:\Dropbox\MyPythonScripts\Tarros - Crea PDF\Tarros_QTZ_026.py
Fri Oct 24 13:04:20 2014 test01.dta
Fri Oct 24 13:04:20 2014 Processo File: A14994KOM1.pdf
Fri Oct 24 13:04:20 2014 Percorso File: C:\Paris4\Out\A14994KOM1.pdf
Fri Oct 24 13:04:20 2014 Indirizzo Email su riga 2: pierangelo.motta@gmail.com
Fri Oct 24 13:04:20 2014 Percorso e DIR_RIFERIMENTO sono uguali
Fri Oct 24 13:04:20 2014 Soggetto email = TEST - PIR IST - Offer Code A 14 994 KOM 1
Fri Oct 24 13:04:20 2014 Errore inserendo immagine dinamica c:\paris\grg\KOM.jpg
Fri Oct 24 13:04:20 2014 TOTALE Scritta 1 pagina
Fri Oct 24 13:04:20 2014 Pdf Scritto
Fri Oct 24 13:04:24 2014 Email Inviata a pierangelo.motta@gmail.com
Fri Oct 24 13:04:24 2014 Percorso non presente nei dati
Fri Oct 24 13:04:24 2014 Fine Elaborazione
--------------------------------------------------------------------------------
Fri Oct 24 13:24:21 2014 Inizio Elaborazione
Fri Oct 24 13:24:21 2014 D:\Dropbox\MyPythonScripts\Tarros - Crea PDF\Tarros_QTZ_026.py
Fri Oct 24 13:24:21 2014 test01.dta
Fri Oct 24 13:24:21 2014 Processo File: A14994KOM1.pdf
Fri Oct 24 13:24:21 2014 Percorso File: C:\Paris4\Out\A14994KOM1.pdf
Fri Oct 24 13:24:21 2014 Indirizzo Email su riga 2: pierangelo.motta@gmail.com
Fri Oct 24 13:24:21 2014 Percorso e DIR_RIFERIMENTO sono uguali
Fri Oct 24 13:24:21 2014 Soggetto email = TEST - PIR IST - Offer Code A 14 994 KOM 1
Fri Oct 24 13:24:21 2014 Errore inserendo immagine dinamica c:\paris\grg\KOM.jpg
Fri Oct 24 13:24:21 2014 TOTALE Scritta 1 pagina
Fri Oct 24 13:24:21 2014 Pdf Scritto
Fri Oct 24 13:24:25 2014 Email Inviata a pierangelo.motta@gmail.com
Fri Oct 24 13:24:25 2014 Percorso non presente nei dati
Fri Oct 24 13:24:25 2014 Fine Elaborazione
--------------------------------------------------------------------------------
Fri Oct 24 13:25:38 2014 Inizio Elaborazione
Fri Oct 24 13:25:38 2014 D:\Dropbox\MyPythonScripts\Tarros - Crea PDF\Tarros_QTZ_026.py
Fri Oct 24 13:25:38 2014 test02.dta
Fri Oct 24 13:25:38 2014 Processo File: A14994KOM1.pdf
Fri Oct 24 13:25:38 2014 Percorso File: C:\Paris4\Out\A14994KOM1.pdf
Fri Oct 24 13:25:38 2014 Indirizzo Email su riga 2: pierangelo.motta@gmail.com
Fri Oct 24 13:25:38 2014 Percorso e DIR_RIFERIMENTO sono DIVERSI
Fri Oct 24 13:25:38 2014 Percorso : \\uniface\pdf_agenti
Fri Oct 24 13:25:38 2014--------------------------------------------------------------------------------
Fri Oct 24 13:27:53 2014 Inizio Elaborazione
Fri Oct 24 13:27:53 2014 D:\Dropbox\MyPythonScripts\Tarros - Crea PDF\Tarros_QTZ_026.py
Fri Oct 24 13:27:53 2014 test02.dta
Fri Oct 24 13:27:54 2014 Processo File: A14994KOM1.pdf
Fri Oct 24 13:27:54 2014 Percorso File: C:\Paris4\Out\A14994KOM1.pdf
Fri Oct 24 13:27:54 2014 Indirizzo Email su riga 2: pierangelo.motta@gmail.com
Fri Oct 24 13:27:54 2014 Percorso e DIR_RIFERIMENTO sono DIVERSI
Fri Oct 24 13:27:54 2014 Percorso : \\uniface\pdf_agenti
Fri Oct 24 13:27:54 2014--------------------------------------------------------------------------------
Fri Oct 24 13:27:56 2014 Inizio Elaborazione
Fri Oct 24 13:27:56 2014 D:\Dropbox\MyPythonScripts\Tarros - Crea PDF\Tarros_QTZ_026.py
Fri Oct 24 13:27:56 2014 test01.dta
Fri Oct 24 13:27:56 2014 Processo File: A14994KOM1.pdf
Fri Oct 24 13:27:56 2014 Percorso File: C:\Paris4\Out\A14994KOM1.pdf
Fri Oct 24 13:27:56 2014 Indirizzo Email su riga 2: pierangelo.motta@gmail.com
Fri Oct 24 13:27:56 2014 Percorso e DIR_RIFERIMENTO sono uguali
Fri Oct 24 13:27:56 2014 Soggetto email = TEST - PIR IST - Offer Code A 14 994 KOM 1
Fri Oct 24 13:27:56 2014 Errore inserendo immagine dinamica c:\paris\grg\KOM.jpg
Fri Oct 24 13:27:56 2014 TOTALE Scritta 1 pagina
Fri Oct 24 13:27:56 2014 Pdf Scritto
Fri Oct 24 13:28:01 2014 Email Inviata a pierangelo.motta@gmail.com
Fri Oct 24 13:28:01 2014 Percorso non presente nei dati
Fri Oct 24 13:28:01 2014 Fine Elaborazione
--------------------------------------------------------------------------------
Fri Oct 24 13:29:11 2014 Inizio Elaborazione
Fri Oct 24 13:29:11 2014 D:\Dropbox\MyPythonScripts\Tarros - Crea PDF\Tarros_QTZ_026.py
Fri Oct 24 13:29:11 2014 test01.dta
Fri Oct 24 13:29:11 2014 Processo File: A14994KOM1.pdf
Fri Oct 24 13:29:11 2014 Percorso File: C:\Paris4\Out\A14994KOM1.pdf
Fri Oct 24 13:29:11 2014 Indirizzo Email su riga 2: pierangelo.motta@gmail.com
Fri Oct 24 13:29:11 2014 Percorso e DIR_RIFERIMENTO sono uguali
Fri Oct 24 13:29:11 2014Fri Oct 24 13:29:11 2014 Errore inserendo immagine dinamica c:\paris\grg\KOM.jpg
Fri Oct 24 13:29:11 2014 TOTALE Scritta 1 pagina
Fri Oct 24 13:29:11 2014 Pdf Scritto
Fri Oct 24 13:29:15 2014 Email Inviata a pierangelo.motta@gmail.com
Fri Oct 24 13:29:15 2014 Percorso non presente nei dati
Fri Oct 24 13:29:15 2014 Fine Elaborazione
--------------------------------------------------------------------------------
Fri Oct 24 13:29:20 2014 Inizio Elaborazione
Fri Oct 24 13:29:20 2014 D:\Dropbox\MyPythonScripts\Tarros - Crea PDF\Tarros_QTZ_026.py
Fri Oct 24 13:29:20 2014 test02.dta
Fri Oct 24 13:29:20 2014 Processo File: A14994KOM1.pdf
Fri Oct 24 13:29:20 2014 Percorso File: C:\Paris4\Out\A14994KOM1.pdf
Fri Oct 24 13:29:20 2014 Indirizzo Email su riga 2: pierangelo.motta@gmail.com
Fri Oct 24 13:29:20 2014 Percorso e DIR_RIFERIMENTO sono DIVERSI
Fri Oct 24 13:29:20 2014 Percorso : \\uniface\pdf_agenti
Fri Oct 24 13:29:20 2014Fri Oct 24 13:29:20 2014 Errore inserendo immagine dinamica c:\paris\grg\KOM.jpg
Fri Oct 24 13:29:20 2014 TOTALE Scritta 1 pagina
Fri Oct 24 13:29:20 2014 Pdf Scritto
Fri Oct 24 13:29:25 2014 Email Inviata a pierangelo.motta@gmail.com
Fri Oct 24 13:29:35 2014 Problemi nel copiare i file su: \\uniface\pdf_agenti
Fri Oct 24 13:29:35 2014 Fine Elaborazione
--------------------------------------------------------------------------------
Fri Oct 24 13:30:24 2014 Inizio Elaborazione
Fri Oct 24 13:30:24 2014 D:\Dropbox\MyPythonScripts\Tarros - Crea PDF\Tarros_QTZ_026.py
Fri Oct 24 13:30:24 2014 test01.dta
Fri Oct 24 13:30:24 2014 Processo File: A14994KOM1.pdf
Fri Oct 24 13:30:24 2014 Percorso File: C:\Paris4\Out\A14994KOM1.pdf
Fri Oct 24 13:30:24 2014 Indirizzo Email su riga 2: pierangelo.motta@gmail.com
Fri Oct 24 13:30:24 2014 Percorso e DIR_RIFERIMENTO sono uguali
Fri Oct 24 13:30:24 2014Fri Oct 24 13:30:24 2014 Errore inserendo immagine dinamica c:\paris\grg\KOM.jpg
Fri Oct 24 13:30:24 2014 TOTALE Scritta 1 pagina
Fri Oct 24 13:30:24 2014 Pdf Scritto
Fri Oct 24 13:30:28 2014 Email Inviata a pierangelo.motta@gmail.com
Fri Oct 24 13:30:28 2014 Percorso non presente nei dati
Fri Oct 24 13:30:28 2014 Fine Elaborazione
--------------------------------------------------------------------------------
Fri Oct 24 14:57:40 2014 Inizio Elaborazione
Fri Oct 24 14:57:40 2014 D:\Dropbox\MyPythonScripts\Tarros - Crea PDF\Tarros_QTZ_026.py
Fri Oct 24 14:57:40 2014 test01.dta
Fri Oct 24 14:57:40 2014 Processo File: A14994KOM1.pdf
Fri Oct 24 14:57:40 2014 Percorso File: C:\Paris4\Out\A14994KOM1.pdf
Fri Oct 24 14:57:40 2014 Indirizzo Email su riga 2: pierangelo.motta@gmail.com
Fri Oct 24 14:57:40 2014 Percorso e DIR_RIFERIMENTO sono uguali
Fri Oct 24 14:57:40 2014 Soggetto email estratto dai dati
Fri Oct 24 14:57:40 2014 Errore inserendo immagine dinamica c:\paris\grg\KOM.jpg
Fri Oct 24 14:57:40 2014 TOTALE Scritta 1 pagina
Fri Oct 24 14:57:40 2014 Pdf Scritto
Fri Oct 24 14:57:44 2014 Email Inviata a pierangelo.motta@gmail.com
Fri Oct 24 14:57:44 2014 Percorso non presente nei dati
Fri Oct 24 14:57:44 2014 Fine Elaborazione
--------------------------------------------------------------------------------
Fri Oct 24 14:57:50 2014 Inizio Elaborazione
Fri Oct 24 14:57:50 2014 D:\Dropbox\MyPythonScripts\Tarros - Crea PDF\Tarros_QTZ_026.py
Fri Oct 24 14:57:50 2014 test02.dta
Fri Oct 24 14:57:50 2014 Processo File: A14994KOM1.pdf
Fri Oct 24 14:57:50 2014 Percorso File: C:\Paris4\Out\A14994KOM1.pdf
Fri Oct 24 14:57:50 2014 Indirizzo Email su riga 2: pierangelo.motta@gmail.com
Fri Oct 24 14:57:50 2014 Percorso e DIR_RIFERIMENTO sono DIVERSI
Fri Oct 24 14:57:50 2014 Percorso : \\uniface\pdf_agenti
Fri Oct 24 14:57:50 2014 Soggetto email estratto dai dati
Fri Oct 24 14:57:50 2014 Errore inserendo immagine dinamica c:\paris\grg\KOM.jpg
Fri Oct 24 14:57:50 2014 TOTALE Scritta 1 pagina
Fri Oct 24 14:57:50 2014 Pdf Scritto
Fri Oct 24 14:57:54 2014 Email Inviata a pierangelo.motta@gmail.com
Fri Oct 24 14:58:04 2014 Problemi nel copiare i file su: \\uniface\pdf_agenti
Fri Oct 24 14:58:04 2014 Fine Elaborazione
--------------------------------------------------------------------------------
Fri Oct 24 14:59:22 2014 Inizio Elaborazione
Fri Oct 24 14:59:22 2014 D:\Dropbox\MyPythonScripts\Tarros - Crea PDF\Tarros_QTZ_026.py
Fri Oct 24 14:59:22 2014 test02.dta
Fri Oct 24 14:59:22 2014 Processo File: A14994KOM1.pdf
Fri Oct 24 14:59:22 2014 Percorso File: C:\Paris4\Out\A14994KOM1.pdf
Fri Oct 24 14:59:22 2014 Indirizzo Email su riga 2: pierangelo.motta@gmail.com
Fri Oct 24 14:59:22 2014 Percorso e DIR_RIFERIMENTO sono DIVERSI
Fri Oct 24 14:59:22 2014 Percorso : \\uniface\pdf_agenti
Fri Oct 24 14:59:22 2014 Soggetto email estratto dai dati
Fri Oct 24 14:59:22 2014 Errore inserendo immagine dinamica c:\paris\grg\KOM.jpg
Fri Oct 24 14:59:22 2014 TOTALE Scritta 1 pagina
Fri Oct 24 14:59:22 2014 Pdf Scritto
Fri Oct 24 14:59:26 2014 Email Inviata a pierangelo.motta@gmail.com
Fri Oct 24 14:59:36 2014 Problemi nel copiare i file su: \\uniface\pdf_agenti
Fri Oct 24 14:59:36 2014 Fine Elaborazione
